<?xml version="1.0" encoding="UTF-8"?>
<!-- Generated by org.testng.reporters.JUnitReportReporter -->
<testsuite hostname="zakgovin" name="ru.st.selenium.Addfilm" tests="1" failures="0" timestamp="4 May 2015 03:36:11 GMT" time="5.228" errors="0">
  <testcase name="testAddfilm" time="5.228" classname="ru.st.selenium.Addfilm"/>
</testsuite> <!-- ru.st.selenium.Addfilm -->
