<?xml version="1.0" encoding="UTF-8"?>
<!-- Generated by org.testng.reporters.JUnitReportReporter -->
<testsuite hostname="zakgovin" name="ru.st.selenium.Login" tests="1" failures="0" timestamp="4 May 2015 03:36:11 GMT" time="4.075" errors="0">
  <testcase name="testLogin" time="4.075" classname="ru.st.selenium.Login"/>
</testsuite> <!-- ru.st.selenium.Login -->
