<?xml version="1.0" encoding="UTF-8"?>
<!-- Generated by org.testng.reporters.JUnitReportReporter -->
<testsuite hostname="zakgovin" name="ru.st.selenium.RemoveFilm" tests="1" failures="0" timestamp="4 May 2015 03:36:11 GMT" time="0.481" errors="0">
  <testcase name="testRemoveFilm" time="0.481" classname="ru.st.selenium.RemoveFilm"/>
</testsuite> <!-- ru.st.selenium.RemoveFilm -->
