<?xml version="1.0" encoding="UTF-8"?>
<!-- Generated by org.testng.reporters.JUnitReportReporter -->
<testsuite hostname="zakgovin" name="ru.st.selenium.Logout" tests="1" failures="0" timestamp="4 May 2015 03:36:11 GMT" time="1.405" errors="0">
  <testcase name="testLogout" time="1.405" classname="ru.st.selenium.Logout"/>
</testsuite> <!-- ru.st.selenium.Logout -->
